8076-ERROR-Error in finding the data on the web page https://login.yahoo.com/
8076-ERROR-Error in finding the data on the web page https://mail.yahoo.com/
8076-ERROR-Error in finding the data on the web page https://news.yahoo.com/
11048-ERROR-Error in finding the data on the web page https://login.yahoo.com/
4116-ERROR-Error in finding the data on the web page https://login.yahoo.com/
2528-ERROR-Error in finding the data on the web page https://login.yahoo.com/
9552-ERROR-Error in finding the data on the web page https://login.yahoo.com/
2976-ERROR-Error in finding the data on the web page https://login.yahoo.com/
11452-ERROR-Error in finding the data on the web page https://login.yahoo.com/
3780-ERROR-Error in finding the data on the web page https://login.yahoo.com/
6672-ERROR-Error in finding the data on the web page https://login.yahoo.com/
5816-ERROR-Error in finding the data on the web page https://login.yahoo.com/
11316-ERROR-Error in finding the data on the web page https://login.yahoo.com/
4788-ERROR-Error occured while putting the values in the database
6760-ERROR-Error in finding the data on the web page https://login.yahoo.com/
11856-ERROR-Error in finding the data on the web page https://login.yahoo.com/
11856-ERROR-Error in finding the data on the web page https://mail.yahoo.com/
11856-ERROR-Error in finding the data on the web page https://news.yahoo.com/
9436-ERROR-Error in finding the data on the web page https://login.yahoo.com/
9436-ERROR-Error in finding the data on the web page https://mail.yahoo.com/
9436-ERROR-Error in finding the data on the web page https://news.yahoo.com/
6740-ERROR-Error in finding the data on the web page https://login.yahoo.com/
6740-ERROR-Error in finding the data on the web page https://mail.yahoo.com/
6740-ERROR-Error in finding the data on the web page https://news.yahoo.com/
6740-ERROR-Error in finding the data on the web page https://shopping.yahoo.com/
6740-ERROR-Error in finding the data on the web page https://shopping.yahoo.com/sales/subscription
6740-ERROR-Error in finding the data on the web page https://www.yahoo.com/plus
6740-ERROR-Error in finding the data on the web page https://www.yahoo.com/everything/
6740-ERROR-Error in finding the data on the web page https://www.yahoo.com/gma/woman-accused-herschel-walker-pressuring-114500761.html
6740-ERROR-Error in finding the data on the web page https://news.yahoo.com/heartstopper-star-kit-connor-says-144524683.html
6740-ERROR-Error in finding the data on the web page https://sports.yahoo.com/nfl-adam-zimmer-former-vikings-defensive-coordinator-and-son-of-mike-zimmer-dies-at-38-140012102-140012248.html
6740-ERROR-Error in finding the data on the web page https://www.yahoo.com/entertainment/celebrities-starting-leave-twitter-heres-182259147.html
6740-ERROR-Error in finding the data on the web page https://news.yahoo.com/maga-porn-hate-trump-china-155055911.html
6740-ERROR-Error in finding the data on the web page https://sports.yahoo.com/nfl-trade-deadline-tj-hockenson-heading-to-vikings-from-lions-for-draft-picks-163311404.html
6740-ERROR-Error in finding the data on the web page https://www.yahoo.com/entertainment/matthew-perry-details-losing-virginity-after-thinking-impotent-190523505.html
6740-ERROR-Error in finding the data on the web page https://sports.yahoo.com/more-fallout-from-the-michigan-michigan-state-brawl-bryan-harsin-is-let-go-who-will-be-the-next-head-coach-for-the-auburn-tigers-065233798.html
6740-ERROR-Error in finding the data on the web page https://www.yahoo.com/lifestyle/claire-employee-no-idea-she-155550052.html
6740-ERROR-Error in finding the data on the web page https://www.yahoo.com/entertainment/heidi-klum-queen-of-halloween-best-costumes-mvps-of-horror-204745944-204745172-204745768.html
6740-ERROR-Error in finding the data on the web page https://www.yahoo.com/lifestyle/friend-backs-annual-trip-not-152321201.html
6740-ERROR-Error in finding the data on the web page https://www.yahoo.com/lifestyle/woman-blows-fiance-gives-her-152405167.html
6740-ERROR-Error in finding the data on the web page https://www.yahoo.com/lifestyle/carmella-leah-van-dale-wwe-ectopic-pregnancy-165006506.html
6740-ERROR-Error in finding the data on the web page https://www.yahoo.com/lifestyle/freaking-cutest-toddler-breaks-down-152531881.html
6740-ERROR-Error in finding the data on the web page https://www.yahoo.com//sports/m/1ea314ea-95b4-318a-abd0-1caf057bc49e/new-video-shows-unpunished.html
6740-ERROR-Error in finding the data on the web page https://www.yahoo.com//sports/m/1ea314ea-95b4-318a-abd0-1caf057bc49e/new-video-shows-unpunished.html
6740-ERROR-Error in finding the data on the web page https://www.yahoo.com/entertainment/jerry-falwell-jr-becki-pool-boy-giancarlo-granda-sex-scandal-071500526.html
6740-ERROR-Error in finding the data on the web page https://sports.yahoo.com/ime-udoka-reportedly-emerges-as-frontrunner-to-take-over-nets-job-after-steve-nashs-departure-182051369.html
6740-ERROR-Error in finding the data on the web page https://sports.yahoo.com/fantasy-football-players-to-drop-for-your-week-9-waiver-wire-pickups-184020439.html
6740-ERROR-Error in finding the data on the web page https://sports.yahoo.com/brooklyn-nets-have-agreed-to-part-ways-with-head-coach-steve-nash-165714530.html
6740-ERROR-Error in finding the data on the web page https://www.yahoo.com//sports/m/7ce659af-81d1-3d26-8f1f-3c6c3ca1428f/what-liberty-hc-hugh-freeze.html
6740-ERROR-Error in finding the data on the web page https://www.yahoo.com//sports/m/7ce659af-81d1-3d26-8f1f-3c6c3ca1428f/what-liberty-hc-hugh-freeze.html
6740-ERROR-Error in finding the data on the web page https://www.yahoo.com/entertainment/movember-spokesman-john-oates-on-why-he-shaved-his-stache-i-just-looked-at-myself-in-the-mirror-and-it-had-to-go-172028006.html
6740-ERROR-Error in finding the data on the web page https://www.yahoo.com/lifestyle/lindsay-lohan-wishes-she-had-social-media-during-rise-to-fame-193039385-193039019.html
6740-ERROR-Error in finding the data on the web page https://sports.yahoo.com/fantasy-football-waiver-wire-pickups-week-9-priority-adds-ahead-of-a-messy-bye-week-124211946-124211502.html
6740-ERROR-Error in finding the data on the web page https://www.yahoo.com/lifestyle/dad-lightning-fast-reflexes-save-175309506.html
6740-ERROR-Error in finding the data on the web page https://sports.yahoo.com/mystery-solved-how-to-pronounce-qatar-the-world-cup-host-whose-name-everybody-says-wrong-153024731-153025093.html
6740-ERROR-Error in finding the data on the web page https://www.yahoo.com/entertainment/taylor-swift-makes-history-midnights-top-10-billboard-hot-100-194834428.html
6740-ERROR-Error in finding the data on the web page https://sports.yahoo.com/ravens-make-a-big-move-trade-for-bears-lb-roquan-smith-193345921-193345318.html
6740-ERROR-Error in finding the data on the web page https://sports.yahoo.com/nfl-trade-deadline-2022-tracker-end-time-news-rumors-updates-details-110046679-162950991.html
6028-ERROR-Error in finding the data on the web page https://login.yahoo.com/
6028-ERROR-Error in finding the data on the web page https://mail.yahoo.com/
6028-ERROR-Error in finding the data on the web page https://news.yahoo.com/
6028-ERROR-Error in finding the data on the web page https://shopping.yahoo.com/
6028-ERROR-Error in finding the data on the web page https://shopping.yahoo.com/sales/subscription
6028-ERROR-Error in finding the data on the web page https://www.yahoo.com/plus
6028-ERROR-Error in finding the data on the web page https://www.yahoo.com/everything/
6028-ERROR-Error in finding the data on the web page https://www.yahoo.com/gma/woman-accused-herschel-walker-pressuring-114500761.html
6028-ERROR-Error in finding the data on the web page https://news.yahoo.com/heartstopper-star-kit-connor-says-144524683.html
6028-ERROR-Error in finding the data on the web page https://sports.yahoo.com/nfl-adam-zimmer-former-vikings-defensive-coordinator-and-son-of-mike-zimmer-dies-at-38-140012102-140012248.html
6028-ERROR-Error in finding the data on the web page https://www.yahoo.com/entertainment/celebrities-starting-leave-twitter-heres-182259147.html
6028-ERROR-Error in finding the data on the web page https://news.yahoo.com/maga-porn-hate-trump-china-155055911.html
6028-ERROR-Error in finding the data on the web page https://sports.yahoo.com/nfl-trade-deadline-tj-hockenson-heading-to-vikings-from-lions-for-draft-picks-163311404.html
6028-ERROR-Error in finding the data on the web page https://www.yahoo.com/entertainment/matthew-perry-details-losing-virginity-after-thinking-impotent-190523505.html
11528-ERROR-Error occured while putting the values in the database
11528-ERROR-Error in finding the data on the web page https://login.yahoo.com/
11528-ERROR-Error occured while putting the values in the database
11528-ERROR-Error in finding the data on the web page https://mail.yahoo.com/
11528-ERROR-Error occured while putting the values in the database
11528-ERROR-Error in finding the data on the web page https://news.yahoo.com/
11528-ERROR-Error occured while putting the values in the database
11528-ERROR-Error occured while putting the values in the database
11528-ERROR-Error occured while putting the values in the database
11528-ERROR-Error occured while putting the values in the database
11508-ERROR-Error occured while putting the values in the database
11508-ERROR-Error in finding the data on the web page https://login.yahoo.com/
11508-ERROR-Error occured while putting the values in the database
11508-ERROR-Error in finding the data on the web page https://mail.yahoo.com/
11508-ERROR-Error occured while putting the values in the database
11508-ERROR-Error in finding the data on the web page https://news.yahoo.com/
11508-ERROR-Error occured while putting the values in the database
11508-ERROR-Error occured while putting the values in the database
11508-ERROR-Error occured while putting the values in the database
11508-ERROR-Error occured while putting the values in the database
11508-ERROR-Error occured while putting the values in the database
11508-ERROR-Error occured while putting the values in the database
11508-ERROR-Error in finding the data on the web page https://shopping.yahoo.com/
11508-ERROR-Error occured while putting the values in the database
11508-ERROR-Error in finding the data on the web page https://shopping.yahoo.com/sales/subscription
11508-ERROR-Error occured while putting the values in the database
11508-ERROR-Error in finding the data on the web page https://www.yahoo.com/plus
11508-ERROR-Error occured while putting the values in the database
11508-ERROR-Error in finding the data on the web page https://www.yahoo.com/everything/
11508-ERROR-Error occured while putting the values in the database
11508-ERROR-Error in finding the data on the web page https://www.yahoo.com/gma/woman-accused-herschel-walker-pressuring-114500761.html
11508-ERROR-Error occured while putting the values in the database
11508-ERROR-Error in finding the data on the web page https://news.yahoo.com/heartstopper-star-kit-connor-says-144524683.html
11508-ERROR-Error occured while putting the values in the database
11508-ERROR-Error in finding the data on the web page https://sports.yahoo.com/nfl-adam-zimmer-former-vikings-defensive-coordinator-and-son-of-mike-zimmer-dies-at-38-140012102-140012248.html
11508-ERROR-Error occured while putting the values in the database
11508-ERROR-Error in finding the data on the web page https://sports.yahoo.com/nfl-trade-deadline-jaguars-trade-for-suspended-wr-calvin-ridley-190409011.html
11508-ERROR-Error occured while putting the values in the database
11508-ERROR-Error in finding the data on the web page https://www.yahoo.com/entertainment/celebrities-starting-leave-twitter-heres-182259147.html
11508-ERROR-Error occured while putting the values in the database
11508-ERROR-Error in finding the data on the web page https://news.yahoo.com/maga-porn-hate-trump-china-155055911.html
11508-ERROR-Error occured while putting the values in the database
11508-ERROR-Error in finding the data on the web page https://www.yahoo.com/entertainment/matthew-perry-details-losing-virginity-after-thinking-impotent-190523505.html
11508-ERROR-Error occured while putting the values in the database
11508-ERROR-Error in finding the data on the web page https://sports.yahoo.com/more-fallout-from-the-michigan-michigan-state-brawl-bryan-harsin-is-let-go-who-will-be-the-next-head-coach-for-the-auburn-tigers-065233798.html
11508-ERROR-Error occured while putting the values in the database
11508-ERROR-Error in finding the data on the web page https://www.yahoo.com/lifestyle/claire-employee-no-idea-she-155550052.html
11508-ERROR-Error occured while putting the values in the database
11508-ERROR-Error in finding the data on the web page https://www.yahoo.com/entertainment/heidi-klum-queen-of-halloween-best-costumes-mvps-of-horror-204745944-204745172-204745768.html
11508-ERROR-Error occured while putting the values in the database
11508-ERROR-Error in finding the data on the web page https://www.yahoo.com/lifestyle/woman-blows-fiance-gives-her-152405167.html
11508-ERROR-Error occured while putting the values in the database
11508-ERROR-Error in finding the data on the web page https://www.yahoo.com//sports/m/1ea314ea-95b4-318a-abd0-1caf057bc49e/new-video-shows-unpunished.html
11508-ERROR-Error occured while putting the values in the database
11508-ERROR-Error in finding the data on the web page https://www.yahoo.com//sports/m/1ea314ea-95b4-318a-abd0-1caf057bc49e/new-video-shows-unpunished.html
11508-ERROR-Error occured while putting the values in the database
11508-ERROR-Error in finding the data on the web page https://www.yahoo.com/lifestyle/freaking-cutest-toddler-breaks-down-152531881.html
11508-ERROR-Error occured while putting the values in the database
11508-ERROR-Error in finding the data on the web page https://www.yahoo.com/lifestyle/friend-backs-annual-trip-not-152321201.html
11508-ERROR-Error occured while putting the values in the database
11508-ERROR-Error in finding the data on the web page https://www.yahoo.com/entertainment/jerry-falwell-jr-becki-pool-boy-giancarlo-granda-sex-scandal-071500526.html
11508-ERROR-Error occured while putting the values in the database
11508-ERROR-Error in finding the data on the web page https://www.yahoo.com/lifestyle/carmella-leah-van-dale-wwe-ectopic-pregnancy-165006506.html
11508-ERROR-Error occured while putting the values in the database
11508-ERROR-Error in finding the data on the web page https://sports.yahoo.com/ime-udoka-reportedly-emerges-as-frontrunner-to-take-over-nets-job-after-steve-nashs-departure-182051369.html
11508-ERROR-Error occured while putting the values in the database
11508-ERROR-Error in finding the data on the web page https://sports.yahoo.com/brooklyn-nets-have-agreed-to-part-ways-with-head-coach-steve-nash-165714530.html
11508-ERROR-Error occured while putting the values in the database
11508-ERROR-Error in finding the data on the web page https://sports.yahoo.com/fantasy-football-players-to-drop-for-your-week-9-waiver-wire-pickups-184020439.html
11508-ERROR-Error occured while putting the values in the database
11508-ERROR-Error in finding the data on the web page https://www.yahoo.com//sports/m/7ce659af-81d1-3d26-8f1f-3c6c3ca1428f/what-liberty-hc-hugh-freeze.html
11508-ERROR-Error occured while putting the values in the database
11508-ERROR-Error in finding the data on the web page https://www.yahoo.com//sports/m/7ce659af-81d1-3d26-8f1f-3c6c3ca1428f/what-liberty-hc-hugh-freeze.html
11508-ERROR-Error occured while putting the values in the database
11508-ERROR-Error in finding the data on the web page https://www.yahoo.com/entertainment/movember-spokesman-john-oates-on-why-he-shaved-his-stache-i-just-looked-at-myself-in-the-mirror-and-it-had-to-go-172028006.html
11508-ERROR-Error occured while putting the values in the database
11508-ERROR-Error in finding the data on the web page https://sports.yahoo.com/report-broncos-trade-lb-bradley-chubb-to-dolphins-for-first-round-pick-183006223.html
11508-ERROR-Error occured while putting the values in the database
11508-ERROR-Error in finding the data on the web page https://sports.yahoo.com/fantasy-football-waiver-wire-pickups-week-9-priority-adds-ahead-of-a-messy-bye-week-124211946-124211502.html
11508-ERROR-Error occured while putting the values in the database
11508-ERROR-Error in finding the data on the web page https://www.yahoo.com/entertainment/taylor-swift-makes-history-midnights-top-10-billboard-hot-100-194834428.html
11508-ERROR-Error occured while putting the values in the database
11508-ERROR-Error in finding the data on the web page https://sports.yahoo.com/mystery-solved-how-to-pronounce-qatar-the-world-cup-host-whose-name-everybody-says-wrong-153024731-153025093.html
11508-ERROR-Error occured while putting the values in the database
11508-ERROR-Error in finding the data on the web page https://www.yahoo.com/lifestyle/dad-lightning-fast-reflexes-save-175309506.html
11508-ERROR-Error occured while putting the values in the database
11508-ERROR-Error in finding the data on the web page https://sports.yahoo.com/nfl-trade-deadline-2022-tracker-end-time-news-rumors-updates-details-110046679-162950991.html
11508-ERROR-Error occured while putting the values in the database
4696-ERROR-Error occured while putting the values in the database
4696-ERROR-Error in finding the data on the web page https://login.yahoo.com/
4696-ERROR-Error occured while putting the values in the database
4696-ERROR-Error in finding the data on the web page https://mail.yahoo.com/
4696-ERROR-Error occured while putting the values in the database
4696-ERROR-Error in finding the data on the web page https://news.yahoo.com/
4696-ERROR-Error occured while putting the values in the database
4696-ERROR-Error occured while putting the values in the database
4696-ERROR-Error occured while putting the values in the database
6312-ERROR-Error occured while putting the values in the database
6312-ERROR-Error in finding the data on the web page https://login.yahoo.com/
6312-ERROR-Error occured while putting the values in the database
6312-ERROR-Error in finding the data on the web page https://mail.yahoo.com/
6312-ERROR-Error occured while putting the values in the database
4448-ERROR-Error occured while putting the values in the database
4448-ERROR-Error in finding the data on the web page https://login.yahoo.com/
4448-ERROR-Error occured while putting the values in the database
4448-ERROR-Error in finding the data on the web page https://mail.yahoo.com/
4448-ERROR-Error occured while putting the values in the database
4448-ERROR-Error in finding the data on the web page https://news.yahoo.com/
4448-ERROR-Error occured while putting the values in the database
4448-ERROR-Error occured while putting the values in the database
13240-ERROR-Error occured while putting the values in the database
13240-ERROR-Error in finding the data on the web page https://login.yahoo.com/
13240-ERROR-Error occured while putting the values in the database
13240-ERROR-Error in finding the data on the web page https://mail.yahoo.com/
13240-ERROR-Error occured while putting the values in the database
13240-ERROR-Error in finding the data on the web page https://news.yahoo.com/
13240-ERROR-Error occured while putting the values in the database
13240-ERROR-Error occured while putting the values in the database
13240-ERROR-Error occured while putting the values in the database
13240-ERROR-Error occured while putting the values in the database
13240-ERROR-Error occured while putting the values in the database
13240-ERROR-Error occured while putting the values in the database
5824-ERROR-Error in finding the data on the web page https://login.yahoo.com/
5824-ERROR-Error in finding the data on the web page https://mail.yahoo.com/
6676-ERROR-Error occured while putting the values in the database
6676-ERROR-Error in finding the data on the web page https://login.yahoo.com/
6676-ERROR-Error occured while putting the values in the database
6676-ERROR-Error in finding the data on the web page https://mail.yahoo.com/
6676-ERROR-Error occured while putting the values in the database
6676-ERROR-Error in finding the data on the web page https://news.yahoo.com/
6676-ERROR-Error occured while putting the values in the database
6676-ERROR-Error occured while putting the values in the database
6676-ERROR-Error occured while putting the values in the database
6676-ERROR-Error occured while putting the values in the database
6676-ERROR-Error occured while putting the values in the database
6676-ERROR-Error occured while putting the values in the database
6676-ERROR-Error in finding the data on the web page https://shopping.yahoo.com/
6676-ERROR-Error occured while putting the values in the database
11152-ERROR-Error occured while putting the values in the database
11152-ERROR-Error in finding the data on the web page https://login.yahoo.com/
11152-ERROR-Error occured while putting the values in the database
11152-ERROR-Error in finding the data on the web page https://mail.yahoo.com/
11152-ERROR-Error occured while putting the values in the database
11152-ERROR-Error in finding the data on the web page https://news.yahoo.com/
11152-ERROR-Error occured while putting the values in the database
11152-ERROR-Error occured while putting the values in the database
11152-ERROR-Error occured while putting the values in the database
11152-ERROR-Error occured while putting the values in the database
11152-ERROR-Error occured while putting the values in the database
11152-ERROR-Error occured while putting the values in the database
11152-ERROR-Error in finding the data on the web page https://shopping.yahoo.com/
11152-ERROR-Error occured while putting the values in the database
11152-ERROR-Error in finding the data on the web page https://shopping.yahoo.com/sales/subscription
11152-ERROR-Error occured while putting the values in the database
11152-ERROR-Error in finding the data on the web page https://www.yahoo.com/plus
11152-ERROR-Error occured while putting the values in the database
11152-ERROR-Error in finding the data on the web page https://www.yahoo.com/everything/
11152-ERROR-Error occured while putting the values in the database
11152-ERROR-Error in finding the data on the web page https://www.yahoo.com/gma/woman-accused-herschel-walker-pressuring-114500761.html
11152-ERROR-Error occured while putting the values in the database
11152-ERROR-Error in finding the data on the web page https://news.yahoo.com/heartstopper-star-kit-connor-says-144524683.html
11152-ERROR-Error occured while putting the values in the database
11152-ERROR-Error in finding the data on the web page https://sports.yahoo.com/nfl-adam-zimmer-former-vikings-defensive-coordinator-and-son-of-mike-zimmer-dies-at-38-140012102-140012248.html
11152-ERROR-Error occured while putting the values in the database
11152-ERROR-Error in finding the data on the web page https://sports.yahoo.com/nfl-trade-deadline-jaguars-trade-for-suspended-wr-calvin-ridley-190409011.html
11152-ERROR-Error occured while putting the values in the database
11152-ERROR-Error in finding the data on the web page https://www.yahoo.com/entertainment/celebrities-starting-leave-twitter-heres-182259147.html
11152-ERROR-Error occured while putting the values in the database
11152-ERROR-Error in finding the data on the web page https://sports.yahoo.com/nfl-trade-deadline-tj-hockenson-heading-to-vikings-from-lions-for-draft-picks-163311404.html
11152-ERROR-Error occured while putting the values in the database
11152-ERROR-Error in finding the data on the web page https://www.yahoo.com/entertainment/matthew-perry-details-losing-virginity-after-thinking-impotent-190523505.html
11152-ERROR-Error occured while putting the values in the database
11152-ERROR-Error in finding the data on the web page https://sports.yahoo.com/more-fallout-from-the-michigan-michigan-state-brawl-bryan-harsin-is-let-go-who-will-be-the-next-head-coach-for-the-auburn-tigers-065233798.html
11152-ERROR-Error occured while putting the values in the database
11152-ERROR-Error in finding the data on the web page https://www.yahoo.com/lifestyle/claire-employee-no-idea-she-155550052.html
11152-ERROR-Error occured while putting the values in the database
11152-ERROR-Error in finding the data on the web page https://www.yahoo.com/entertainment/heidi-klum-queen-of-halloween-best-costumes-mvps-of-horror-204745944-204745172-204745768.html
11152-ERROR-Error occured while putting the values in the database
9824-ERROR-Error in finding the data on the web page https://login.yahoo.com/
9824-ERROR-Error in finding the data on the web page https://mail.yahoo.com/
2164-ERROR-Error in finding the data on the web page https://login.yahoo.com/
2164-ERROR-Error in finding the data on the web page https://mail.yahoo.com/
2164-ERROR-Error in finding the data on the web page https://news.yahoo.com/
12368-ERROR-Error in finding the data on the web page https://login.yahoo.com/
12368-ERROR-Error in finding the data on the web page https://mail.yahoo.com/
12368-ERROR-Error in finding the data on the web page https://news.yahoo.com/
